<?xml version="1.0" encoding="UTF-8"?>
<!-- Generated by org.testng.reporters.JUnitXMLReporter -->
<testsuite hostname="DESKTOP-T1TKO85" ignored="1" name="OrangeHRMInfo" tests="4" failures="1" timestamp="2022-05-20T13:02:56 IST" time="61.383" errors="0">
  <testcase name="launchApp" time="8.728" classname="com.hyr.test.OrangeHRMParameterTest"/>
  <testcase name="enterLoginDetails" time="7.447" classname="com.hyr.test.OrangeHRMParameterTest"/>
  <testcase name="navigateToMyInfo" time="0.84" classname="com.hyr.test.OrangeHRMParameterTest"/>
  <testcase name="verifyMyInfo" time="0.052" classname="com.hyr.test.OrangeHRMParameterTest">
    <failure type="org.openqa.selenium.NoSuchElementException" message="Unable to locate element: #employee\-details
For documentation on this error, please visit: https://www.seleniumhq.org/exceptions/no_such_element.html
Build info: version: &amp;apos;3.141.59&amp;apos;, revision: &amp;apos;e82be7d358&amp;apos;, time: &amp;apos;2018-11-14T08:17:03&amp;apos;
System info: host: &amp;apos;DESKTOP-T1TKO85&amp;apos;, ip: &amp;apos;192.168.35.250&amp;apos;, os.name: &amp;apos;Windows 10&amp;apos;, os.arch: &amp;apos;amd64&amp;apos;, os.version: &amp;apos;10.0&amp;apos;, java.version: &amp;apos;1.8.0_201&amp;apos;
Driver info: org.openqa.selenium.firefox.FirefoxDriver
Capabilities {acceptInsecureCerts: true, browserName: firefox, browserVersion: 99.0.1, javascriptEnabled: true, moz:accessibilityChecks: false, moz:buildID: 20220411174855, moz:geckodriverVersion: 0.31.0, moz:headless: false, moz:processID: 7180, moz:profile: C:\Users\SONALI\AppData\Loc..., moz:shutdownTimeout: 60000, moz:useNonSpecCompliantPointerOrigin: false, moz:webdriverClick: true, pageLoadStrategy: normal, platform: WINDOWS, platformName: WINDOWS, platformVersion: 10.0, proxy: Proxy(), setWindowRect: true, strictFileInteractability: false, timeouts: {implicit: 0, pageLoad: 300000, script: 30000}, unhandledPromptBehavior: dismiss and notify}
Session ID: 9c591b52-cd0d-4852-b8a3-9e97bdb5192e
*** Element info: {Using=id, value=employee-details}">
      <![CDATA[org.openqa.selenium.NoSuchElementException: Unable to locate element: #employee\-details
For documentation on this error, please visit: https://www.seleniumhq.org/exceptions/no_such_element.html
Build info: version: '3.141.59', revision: 'e82be7d358', time: '2018-11-14T08:17:03'
System info: host: 'DESKTOP-T1TKO85', ip: '192.168.35.250', os.name: 'Windows 10', os.arch: 'amd64', os.version: '10.0', java.version: '1.8.0_201'
Driver info: org.openqa.selenium.firefox.FirefoxDriver
Capabilities {acceptInsecureCerts: true, browserName: firefox, browserVersion: 99.0.1, javascriptEnabled: true, moz:accessibilityChecks: false, moz:buildID: 20220411174855, moz:geckodriverVersion: 0.31.0, moz:headless: false, moz:processID: 7180, moz:profile: C:\Users\SONALI\AppData\Loc..., moz:shutdownTimeout: 60000, moz:useNonSpecCompliantPointerOrigin: false, moz:webdriverClick: true, pageLoadStrategy: normal, platform: WINDOWS, platformName: WINDOWS, platformVersion: 10.0, proxy: Proxy(), setWindowRect: true, strictFileInteractability: false, timeouts: {implicit: 0, pageLoad: 300000, script: 30000}, unhandledPromptBehavior: dismiss and notify}
Session ID: 9c591b52-cd0d-4852-b8a3-9e97bdb5192e
*** Element info: {Using=id, value=employee-details}
at org.openqa.selenium.remote.http.W3CHttpResponseCodec.createException(W3CHttpResponseCodec.java:187)
at org.openqa.selenium.remote.http.W3CHttpResponseCodec.decode(W3CHttpResponseCodec.java:122)
at org.openqa.selenium.remote.http.W3CHttpResponseCodec.decode(W3CHttpResponseCodec.java:49)
at org.openqa.selenium.remote.HttpCommandExecutor.execute(HttpCommandExecutor.java:158)
at org.openqa.selenium.remote.service.DriverCommandExecutor.execute(DriverCommandExecutor.java:83)
at org.openqa.selenium.remote.RemoteWebDriver.execute(RemoteWebDriver.java:552)
at org.openqa.selenium.remote.RemoteWebDriver.findElement(RemoteWebDriver.java:323)
at org.openqa.selenium.remote.RemoteWebDriver.findElementById(RemoteWebDriver.java:372)
at org.openqa.selenium.By$ById.findElement(By.java:188)
at org.openqa.selenium.remote.RemoteWebDriver.findElement(RemoteWebDriver.java:315)
at com.hyr.test.OrangeHRMParameterTest.verifyMyInfo(OrangeHRMParameterTest.java:70)
at java.util.ArrayList.forEach(ArrayList.java:1257)
... Removed 31 stack frames]]>
    </failure>
  </testcase> <!-- verifyMyInfo -->
  <testcase name="verifyLogin" time="0.0" classname="com.hyr.test.OrangeHRMParameterTest">
    <ignored/>
  </testcase> <!-- verifyLogin -->
</testsuite> <!-- OrangeHRMInfo -->
